17:53:11.917 [INFO] (trainer.py:122) Total Epi:     1 Steps:     200 Episode Steps:   200 Return: -1192.2184 FPS: 3376.88
17:53:11.948 [INFO] (trainer.py:122) Total Epi:     2 Steps:     400 Episode Steps:   200 Return: -847.9982 FPS: 8179.79
17:53:13.701 [INFO] (trainer.py:122) Total Epi:     3 Steps:     600 Episode Steps:   200 Return: -1187.1718 FPS: 114.20
17:53:14.716 [INFO] (trainer.py:122) Total Epi:     4 Steps:     800 Episode Steps:   200 Return: -1593.8818 FPS: 197.19
17:53:15.720 [INFO] (trainer.py:122) Total Epi:     5 Steps:    1000 Episode Steps:   200 Return: -1564.6865 FPS: 199.47
17:53:16.967 [INFO] (trainer.py:122) Total Epi:     6 Steps:    1200 Episode Steps:   200 Return: -1570.6930 FPS: 160.49
17:53:17.949 [INFO] (trainer.py:122) Total Epi:     7 Steps:    1400 Episode Steps:   200 Return: -1436.8879 FPS: 203.97
17:53:18.914 [INFO] (trainer.py:122) Total Epi:     8 Steps:    1600 Episode Steps:   200 Return: -1375.7031 FPS: 207.59
17:53:19.881 [INFO] (trainer.py:122) Total Epi:     9 Steps:    1800 Episode Steps:   200 Return: -1499.7222 FPS: 206.95
17:53:20.852 [INFO] (trainer.py:122) Total Epi:    10 Steps:    2000 Episode Steps:   200 Return: -1125.7301 FPS: 206.34
17:53:22.318 [INFO] (trainer.py:122) Total Epi:    11 Steps:    2200 Episode Steps:   200 Return: -997.4443 FPS: 203.01
17:53:23.290 [INFO] (trainer.py:122) Total Epi:    12 Steps:    2400 Episode Steps:   200 Return: -799.7665 FPS: 205.96
17:53:24.262 [INFO] (trainer.py:122) Total Epi:    13 Steps:    2600 Episode Steps:   200 Return: -398.2971 FPS: 205.83
17:53:25.267 [INFO] (trainer.py:122) Total Epi:    14 Steps:    2800 Episode Steps:   200 Return: -2.5770 FPS: 199.33
17:53:26.261 [INFO] (trainer.py:122) Total Epi:    15 Steps:    3000 Episode Steps:   200 Return: -134.3670 FPS: 201.45
17:53:27.611 [INFO] (trainer.py:122) Total Epi:    16 Steps:    3200 Episode Steps:   200 Return: -129.7915 FPS: 198.77
17:53:28.595 [INFO] (trainer.py:122) Total Epi:    17 Steps:    3400 Episode Steps:   200 Return: -128.2226 FPS: 203.38
17:53:29.589 [INFO] (trainer.py:122) Total Epi:    18 Steps:    3600 Episode Steps:   200 Return: -260.0341 FPS: 201.38
17:53:30.587 [INFO] (trainer.py:122) Total Epi:    19 Steps:    3800 Episode Steps:   200 Return: -134.9238 FPS: 200.45
17:53:31.638 [INFO] (trainer.py:122) Total Epi:    20 Steps:    4000 Episode Steps:   200 Return: -129.0559 FPS: 199.46
17:53:32.650 [INFO] (trainer.py:122) Total Epi:    21 Steps:    4200 Episode Steps:   200 Return: -130.1437 FPS: 197.78
17:53:33.650 [INFO] (trainer.py:122) Total Epi:    22 Steps:    4400 Episode Steps:   200 Return: -1070.4719 FPS: 200.08
17:53:34.684 [INFO] (trainer.py:122) Total Epi:    23 Steps:    4600 Episode Steps:   200 Return: -128.3468 FPS: 193.60
17:53:35.716 [INFO] (trainer.py:122) Total Epi:    24 Steps:    4800 Episode Steps:   200 Return: -1.4225 FPS: 194.07
17:53:36.738 [INFO] (trainer.py:122) Total Epi:    25 Steps:    5000 Episode Steps:   200 Return: -249.4822 FPS: 202.45
17:53:37.714 [INFO] (trainer.py:122) Total Epi:    26 Steps:    5200 Episode Steps:   200 Return: -239.9901 FPS: 204.98
17:53:38.693 [INFO] (trainer.py:122) Total Epi:    27 Steps:    5400 Episode Steps:   200 Return: -128.6155 FPS: 204.67
17:53:39.684 [INFO] (trainer.py:122) Total Epi:    28 Steps:    5600 Episode Steps:   200 Return: -115.1312 FPS: 201.93
17:53:40.696 [INFO] (trainer.py:122) Total Epi:    29 Steps:    5800 Episode Steps:   200 Return: -128.1375 FPS: 203.79
17:53:41.679 [INFO] (trainer.py:122) Total Epi:    30 Steps:    6000 Episode Steps:   200 Return: -127.9473 FPS: 203.69
17:53:42.667 [INFO] (trainer.py:122) Total Epi:    31 Steps:    6200 Episode Steps:   200 Return: -250.1805 FPS: 202.60
17:53:43.642 [INFO] (trainer.py:122) Total Epi:    32 Steps:    6400 Episode Steps:   200 Return: -368.5827 FPS: 205.55
17:53:44.634 [INFO] (trainer.py:122) Total Epi:    33 Steps:    6600 Episode Steps:   200 Return: -118.4605 FPS: 201.73
17:53:45.709 [INFO] (trainer.py:122) Total Epi:    34 Steps:    6800 Episode Steps:   200 Return: -364.1351 FPS: 191.44
17:53:46.712 [INFO] (trainer.py:122) Total Epi:    35 Steps:    7000 Episode Steps:   200 Return: -119.8042 FPS: 199.77
17:53:47.718 [INFO] (trainer.py:122) Total Epi:    36 Steps:    7200 Episode Steps:   200 Return: -115.1067 FPS: 199.02
17:53:48.718 [INFO] (trainer.py:122) Total Epi:    37 Steps:    7400 Episode Steps:   200 Return: -1.2354 FPS: 200.28
17:53:49.747 [INFO] (trainer.py:122) Total Epi:    38 Steps:    7600 Episode Steps:   200 Return: -120.0820 FPS: 201.18
17:53:50.740 [INFO] (trainer.py:122) Total Epi:    39 Steps:    7800 Episode Steps:   200 Return: -2.7428 FPS: 201.59
17:53:51.759 [INFO] (trainer.py:122) Total Epi:    40 Steps:    8000 Episode Steps:   200 Return: -126.6139 FPS: 196.59
17:53:52.773 [INFO] (trainer.py:122) Total Epi:    41 Steps:    8200 Episode Steps:   200 Return: -248.6189 FPS: 197.50
17:53:53.757 [INFO] (trainer.py:122) Total Epi:    42 Steps:    8400 Episode Steps:   200 Return: -122.2495 FPS: 203.37
17:53:54.829 [INFO] (trainer.py:122) Total Epi:    43 Steps:    8600 Episode Steps:   200 Return: -120.4958 FPS: 196.65
17:53:55.798 [INFO] (trainer.py:122) Total Epi:    44 Steps:    8800 Episode Steps:   200 Return: -240.7302 FPS: 206.75
17:53:56.770 [INFO] (trainer.py:122) Total Epi:    45 Steps:    9000 Episode Steps:   200 Return: -128.7214 FPS: 206.00
17:53:57.753 [INFO] (trainer.py:122) Total Epi:    46 Steps:    9200 Episode Steps:   200 Return: -123.0710 FPS: 203.56
17:53:58.796 [INFO] (trainer.py:122) Total Epi:    47 Steps:    9400 Episode Steps:   200 Return: -114.8070 FPS: 199.22
17:53:59.779 [INFO] (trainer.py:122) Total Epi:    48 Steps:    9600 Episode Steps:   200 Return: -113.6013 FPS: 203.47
17:54:00.778 [INFO] (trainer.py:122) Total Epi:    49 Steps:    9800 Episode Steps:   200 Return: -0.2741 FPS: 200.50
17:54:01.763 [INFO] (trainer.py:122) Total Epi:    50 Steps:   10000 Episode Steps:   200 Return: -116.9542 FPS: 203.35
17:54:02.538 [INFO] (trainer.py:150) Evaluation Total Steps:   10000 Average Reward -164.7091 over  5 episodes
17:54:04.371 [INFO] (trainer.py:122) Total Epi:    51 Steps:   10200 Episode Steps:   200 Return: -114.7187 FPS: 76.71
17:54:05.360 [INFO] (trainer.py:122) Total Epi:    52 Steps:   10400 Episode Steps:   200 Return: -329.1858 FPS: 202.44
17:54:06.361 [INFO] (trainer.py:122) Total Epi:    53 Steps:   10600 Episode Steps:   200 Return: -123.1742 FPS: 200.03
17:54:07.365 [INFO] (trainer.py:122) Total Epi:    54 Steps:   10800 Episode Steps:   200 Return: -234.4902 FPS: 199.50
17:54:08.362 [INFO] (trainer.py:122) Total Epi:    55 Steps:   11000 Episode Steps:   200 Return: -1.6977 FPS: 200.90
17:54:09.697 [INFO] (trainer.py:122) Total Epi:    56 Steps:   11200 Episode Steps:   200 Return: -307.1824 FPS: 190.57
17:54:10.700 [INFO] (trainer.py:122) Total Epi:    57 Steps:   11400 Episode Steps:   200 Return: -264.2433 FPS: 199.38
17:54:11.715 [INFO] (trainer.py:122) Total Epi:    58 Steps:   11600 Episode Steps:   200 Return: -113.7805 FPS: 197.34
17:54:12.719 [INFO] (trainer.py:122) Total Epi:    59 Steps:   11800 Episode Steps:   200 Return: -225.2915 FPS: 199.40
17:54:13.896 [INFO] (trainer.py:122) Total Epi:    60 Steps:   12000 Episode Steps:   200 Return: -118.4810 FPS: 202.66
17:54:14.911 [INFO] (trainer.py:122) Total Epi:    61 Steps:   12200 Episode Steps:   200 Return: -348.2680 FPS: 197.30
17:54:15.910 [INFO] (trainer.py:122) Total Epi:    62 Steps:   12400 Episode Steps:   200 Return: -118.4634 FPS: 200.52
17:54:16.925 [INFO] (trainer.py:122) Total Epi:    63 Steps:   12600 Episode Steps:   200 Return: -119.2492 FPS: 197.19
17:54:17.943 [INFO] (trainer.py:122) Total Epi:    64 Steps:   12800 Episode Steps:   200 Return: -223.1241 FPS: 196.58
17:54:19.098 [INFO] (trainer.py:122) Total Epi:    65 Steps:   13000 Episode Steps:   200 Return: -0.5433 FPS: 184.00
17:54:20.275 [INFO] (trainer.py:122) Total Epi:    66 Steps:   13200 Episode Steps:   200 Return: -120.5350 FPS: 170.04
17:54:21.267 [INFO] (trainer.py:122) Total Epi:    67 Steps:   13400 Episode Steps:   200 Return: -120.2415 FPS: 201.71
17:54:22.253 [INFO] (trainer.py:122) Total Epi:    68 Steps:   13600 Episode Steps:   200 Return: -0.7748 FPS: 203.33
17:54:23.298 [INFO] (trainer.py:122) Total Epi:    69 Steps:   13800 Episode Steps:   200 Return: -241.6593 FPS: 198.54
17:54:24.326 [INFO] (trainer.py:122) Total Epi:    70 Steps:   14000 Episode Steps:   200 Return: -251.1370 FPS: 194.73
17:54:25.342 [INFO] (trainer.py:122) Total Epi:    71 Steps:   14200 Episode Steps:   200 Return: -238.9849 FPS: 197.08
17:54:26.342 [INFO] (trainer.py:122) Total Epi:    72 Steps:   14400 Episode Steps:   200 Return: -126.5828 FPS: 200.34
17:54:27.358 [INFO] (trainer.py:122) Total Epi:    73 Steps:   14600 Episode Steps:   200 Return: -0.7351 FPS: 197.09
17:54:28.420 [INFO] (trainer.py:122) Total Epi:    74 Steps:   14800 Episode Steps:   200 Return: -116.5821 FPS: 197.73
17:54:29.428 [INFO] (trainer.py:122) Total Epi:    75 Steps:   15000 Episode Steps:   200 Return: -129.2974 FPS: 198.53
17:54:30.422 [INFO] (trainer.py:122) Total Epi:    76 Steps:   15200 Episode Steps:   200 Return: -126.4539 FPS: 201.54
17:54:31.410 [INFO] (trainer.py:122) Total Epi:    77 Steps:   15400 Episode Steps:   200 Return: -605.4988 FPS: 202.45
17:54:32.623 [INFO] (trainer.py:122) Total Epi:    78 Steps:   15600 Episode Steps:   200 Return: -237.4870 FPS: 205.53
17:54:33.591 [INFO] (trainer.py:122) Total Epi:    79 Steps:   15800 Episode Steps:   200 Return: -116.6942 FPS: 206.84
17:54:34.574 [INFO] (trainer.py:122) Total Epi:    80 Steps:   16000 Episode Steps:   200 Return: -330.4915 FPS: 203.86
17:54:35.559 [INFO] (trainer.py:122) Total Epi:    81 Steps:   16200 Episode Steps:   200 Return: -120.6431 FPS: 203.07
17:54:36.576 [INFO] (trainer.py:122) Total Epi:    82 Steps:   16400 Episode Steps:   200 Return: -130.7059 FPS: 196.94
17:54:37.669 [INFO] (trainer.py:122) Total Epi:    83 Steps:   16600 Episode Steps:   200 Return: -239.2067 FPS: 194.95
17:54:38.669 [INFO] (trainer.py:122) Total Epi:    84 Steps:   16800 Episode Steps:   200 Return: -1.1415 FPS: 200.41
17:54:39.667 [INFO] (trainer.py:122) Total Epi:    85 Steps:   17000 Episode Steps:   200 Return: -119.2497 FPS: 200.71
17:54:40.664 [INFO] (trainer.py:122) Total Epi:    86 Steps:   17200 Episode Steps:   200 Return: -250.0186 FPS: 200.59
17:54:41.747 [INFO] (trainer.py:122) Total Epi:    87 Steps:   17400 Episode Steps:   200 Return: -128.3162 FPS: 198.93
17:54:42.763 [INFO] (trainer.py:122) Total Epi:    88 Steps:   17600 Episode Steps:   200 Return: -236.2052 FPS: 197.23
17:54:43.772 [INFO] (trainer.py:122) Total Epi:    89 Steps:   17800 Episode Steps:   200 Return: -317.7123 FPS: 198.32
17:54:44.760 [INFO] (trainer.py:122) Total Epi:    90 Steps:   18000 Episode Steps:   200 Return: -220.6719 FPS: 202.71
17:54:45.769 [INFO] (trainer.py:122) Total Epi:    91 Steps:   18200 Episode Steps:   200 Return: -242.0140 FPS: 198.45
17:54:46.844 [INFO] (trainer.py:122) Total Epi:    92 Steps:   18400 Episode Steps:   200 Return: -224.8831 FPS: 194.77
17:54:47.864 [INFO] (trainer.py:122) Total Epi:    93 Steps:   18600 Episode Steps:   200 Return: -0.3369 FPS: 196.44
17:54:48.957 [INFO] (trainer.py:122) Total Epi:    94 Steps:   18800 Episode Steps:   200 Return: -129.0771 FPS: 183.11
17:54:50.170 [INFO] (trainer.py:122) Total Epi:    95 Steps:   19000 Episode Steps:   200 Return: -3.3520 FPS: 165.02
17:54:51.670 [INFO] (trainer.py:122) Total Epi:    96 Steps:   19200 Episode Steps:   200 Return: -129.5901 FPS: 133.50
17:54:53.119 [INFO] (trainer.py:122) Total Epi:    97 Steps:   19400 Episode Steps:   200 Return: -247.4023 FPS: 138.16
17:54:54.208 [INFO] (trainer.py:122) Total Epi:    98 Steps:   19600 Episode Steps:   200 Return: -221.7099 FPS: 183.76
17:54:55.303 [INFO] (trainer.py:122) Total Epi:    99 Steps:   19800 Episode Steps:   200 Return: -116.3041 FPS: 183.07
17:54:56.393 [INFO] (trainer.py:122) Total Epi:   100 Steps:   20000 Episode Steps:   200 Return: -128.8058 FPS: 183.72
17:54:57.238 [INFO] (trainer.py:150) Evaluation Total Steps:   20000 Average Reward -122.8121 over  5 episodes
17:54:58.652 [INFO] (trainer.py:122) Total Epi:   101 Steps:   20200 Episode Steps:   200 Return: -118.3224 FPS: 88.55
17:54:59.832 [INFO] (trainer.py:122) Total Epi:   102 Steps:   20400 Episode Steps:   200 Return: -1.5069 FPS: 169.64
17:55:01.013 [INFO] (trainer.py:122) Total Epi:   103 Steps:   20600 Episode Steps:   200 Return: -127.2636 FPS: 169.56
17:55:02.190 [INFO] (trainer.py:122) Total Epi:   104 Steps:   20800 Episode Steps:   200 Return: -0.3804 FPS: 170.14
17:55:04.489 [INFO] (trainer.py:122) Total Epi:   105 Steps:   21000 Episode Steps:   200 Return: -354.1161 FPS: 182.18
17:55:05.606 [INFO] (trainer.py:122) Total Epi:   106 Steps:   21200 Episode Steps:   200 Return: -120.8788 FPS: 179.25
17:55:06.841 [INFO] (trainer.py:122) Total Epi:   107 Steps:   21400 Episode Steps:   200 Return: -1.2538 FPS: 162.06
17:55:08.823 [INFO] (trainer.py:122) Total Epi:   108 Steps:   21600 Episode Steps:   200 Return: -329.7738 FPS: 101.32
17:55:10.276 [INFO] (trainer.py:122) Total Epi:   109 Steps:   21800 Episode Steps:   200 Return: -119.6130 FPS: 167.25
17:55:11.523 [INFO] (trainer.py:122) Total Epi:   110 Steps:   22000 Episode Steps:   200 Return: -0.7049 FPS: 160.59
17:55:14.042 [INFO] (trainer.py:122) Total Epi:   111 Steps:   22200 Episode Steps:   200 Return: -121.4146 FPS: 79.47
17:55:15.868 [INFO] (trainer.py:122) Total Epi:   112 Steps:   22400 Episode Steps:   200 Return: -0.4822 FPS: 109.59
17:55:17.110 [INFO] (trainer.py:122) Total Epi:   113 Steps:   22600 Episode Steps:   200 Return: -244.0470 FPS: 161.28
17:55:18.939 [INFO] (trainer.py:122) Total Epi:   114 Steps:   22800 Episode Steps:   200 Return: -241.4300 FPS: 150.01
17:55:20.210 [INFO] (trainer.py:122) Total Epi:   115 Steps:   23000 Episode Steps:   200 Return: -3.5402 FPS: 157.60
17:55:21.421 [INFO] (trainer.py:122) Total Epi:   116 Steps:   23200 Episode Steps:   200 Return: -231.4422 FPS: 165.42
17:55:22.580 [INFO] (trainer.py:122) Total Epi:   117 Steps:   23400 Episode Steps:   200 Return: -126.8992 FPS: 172.74
17:55:23.789 [INFO] (trainer.py:122) Total Epi:   118 Steps:   23600 Episode Steps:   200 Return: -222.7144 FPS: 173.43
17:55:25.016 [INFO] (trainer.py:122) Total Epi:   119 Steps:   23800 Episode Steps:   200 Return: -119.3385 FPS: 163.14
17:55:26.177 [INFO] (trainer.py:122) Total Epi:   120 Steps:   24000 Episode Steps:   200 Return: -386.7484 FPS: 172.44
17:55:27.355 [INFO] (trainer.py:122) Total Epi:   121 Steps:   24200 Episode Steps:   200 Return: -2.3411 FPS: 169.99
17:55:28.478 [INFO] (trainer.py:122) Total Epi:   122 Steps:   24400 Episode Steps:   200 Return: -130.4141 FPS: 178.31
17:55:29.690 [INFO] (trainer.py:122) Total Epi:   123 Steps:   24600 Episode Steps:   200 Return: -250.7305 FPS: 179.34
17:55:30.828 [INFO] (trainer.py:122) Total Epi:   124 Steps:   24800 Episode Steps:   200 Return: -124.1271 FPS: 176.07
17:55:31.956 [INFO] (trainer.py:122) Total Epi:   125 Steps:   25000 Episode Steps:   200 Return: -318.4559 FPS: 177.49
17:55:33.102 [INFO] (trainer.py:122) Total Epi:   126 Steps:   25200 Episode Steps:   200 Return: -119.9893 FPS: 174.70
17:55:34.694 [INFO] (trainer.py:122) Total Epi:   127 Steps:   25400 Episode Steps:   200 Return: -265.4964 FPS: 173.84
17:55:35.813 [INFO] (trainer.py:122) Total Epi:   128 Steps:   25600 Episode Steps:   200 Return: -121.4576 FPS: 178.97
17:55:36.924 [INFO] (trainer.py:122) Total Epi:   129 Steps:   25800 Episode Steps:   200 Return: -116.7952 FPS: 180.17
17:55:38.033 [INFO] (trainer.py:122) Total Epi:   130 Steps:   26000 Episode Steps:   200 Return: -0.2200 FPS: 180.61
17:55:39.121 [INFO] (trainer.py:122) Total Epi:   131 Steps:   26200 Episode Steps:   200 Return: -0.6068 FPS: 183.99
17:55:40.252 [INFO] (trainer.py:122) Total Epi:   132 Steps:   26400 Episode Steps:   200 Return: -2.6643 FPS: 182.58
17:55:41.349 [INFO] (trainer.py:122) Total Epi:   133 Steps:   26600 Episode Steps:   200 Return: -116.2696 FPS: 182.22
17:55:42.578 [INFO] (trainer.py:122) Total Epi:   134 Steps:   26800 Episode Steps:   200 Return: -325.0956 FPS: 162.95
17:55:43.678 [INFO] (trainer.py:122) Total Epi:   135 Steps:   27000 Episode Steps:   200 Return: -128.7619 FPS: 182.04
17:55:45.326 [INFO] (trainer.py:122) Total Epi:   136 Steps:   27200 Episode Steps:   200 Return: -129.4045 FPS: 121.44
17:55:46.554 [INFO] (trainer.py:122) Total Epi:   137 Steps:   27400 Episode Steps:   200 Return: -126.6857 FPS: 162.99
17:55:47.644 [INFO] (trainer.py:122) Total Epi:   138 Steps:   27600 Episode Steps:   200 Return: -119.8198 FPS: 183.75
17:55:48.811 [INFO] (trainer.py:122) Total Epi:   139 Steps:   27800 Episode Steps:   200 Return: -275.9884 FPS: 171.50
17:55:49.835 [INFO] (trainer.py:122) Total Epi:   140 Steps:   28000 Episode Steps:   200 Return: -121.7804 FPS: 195.76
17:55:51.171 [INFO] (trainer.py:122) Total Epi:   141 Steps:   28200 Episode Steps:   200 Return: -131.0005 FPS: 149.76
17:55:52.196 [INFO] (trainer.py:122) Total Epi:   142 Steps:   28400 Episode Steps:   200 Return: -132.2873 FPS: 195.33
17:55:53.239 [INFO] (trainer.py:122) Total Epi:   143 Steps:   28600 Episode Steps:   200 Return: -324.6224 FPS: 191.94
17:55:54.245 [INFO] (trainer.py:122) Total Epi:   144 Steps:   28800 Episode Steps:   200 Return: -228.2789 FPS: 199.03
17:55:55.261 [INFO] (trainer.py:122) Total Epi:   145 Steps:   29000 Episode Steps:   200 Return: -128.2356 FPS: 197.03
17:55:56.328 [INFO] (trainer.py:122) Total Epi:   146 Steps:   29200 Episode Steps:   200 Return: -0.4601 FPS: 197.83
17:55:57.337 [INFO] (trainer.py:122) Total Epi:   147 Steps:   29400 Episode Steps:   200 Return: -126.9742 FPS: 198.38
17:55:58.534 [INFO] (trainer.py:122) Total Epi:   148 Steps:   29600 Episode Steps:   200 Return: -127.2333 FPS: 167.26
17:55:59.522 [INFO] (trainer.py:122) Total Epi:   149 Steps:   29800 Episode Steps:   200 Return: -2.7398 FPS: 202.86
17:56:00.519 [INFO] (trainer.py:122) Total Epi:   150 Steps:   30000 Episode Steps:   200 Return: -117.6051 FPS: 200.81
17:56:01.335 [INFO] (trainer.py:150) Evaluation Total Steps:   30000 Average Reward -165.2200 over  5 episodes
17:56:02.694 [INFO] (trainer.py:122) Total Epi:   151 Steps:   30200 Episode Steps:   200 Return: -123.9264 FPS: 93.26
17:56:03.705 [INFO] (trainer.py:122) Total Epi:   152 Steps:   30400 Episode Steps:   200 Return: -116.1572 FPS: 197.93
17:56:04.721 [INFO] (trainer.py:122) Total Epi:   153 Steps:   30600 Episode Steps:   200 Return: -218.9129 FPS: 197.08
17:56:05.964 [INFO] (trainer.py:122) Total Epi:   154 Steps:   30800 Episode Steps:   200 Return: -118.8263 FPS: 198.12
17:56:06.968 [INFO] (trainer.py:122) Total Epi:   155 Steps:   31000 Episode Steps:   200 Return: -126.1894 FPS: 199.44
17:56:07.977 [INFO] (trainer.py:122) Total Epi:   156 Steps:   31200 Episode Steps:   200 Return: -119.7697 FPS: 198.43
17:56:08.979 [INFO] (trainer.py:122) Total Epi:   157 Steps:   31400 Episode Steps:   200 Return: -234.6945 FPS: 199.67
17:56:10.931 [INFO] (trainer.py:122) Total Epi:   158 Steps:   31600 Episode Steps:   200 Return: -119.1687 FPS: 200.72
17:56:11.937 [INFO] (trainer.py:122) Total Epi:   159 Steps:   31800 Episode Steps:   200 Return: -131.1265 FPS: 199.12
17:56:12.961 [INFO] (trainer.py:122) Total Epi:   160 Steps:   32000 Episode Steps:   200 Return: -127.7030 FPS: 195.34
17:56:14.093 [INFO] (trainer.py:122) Total Epi:   161 Steps:   32200 Episode Steps:   200 Return: -126.0903 FPS: 176.84
17:56:15.173 [INFO] (trainer.py:122) Total Epi:   162 Steps:   32400 Episode Steps:   200 Return: -225.5368 FPS: 185.35
17:56:17.213 [INFO] (trainer.py:122) Total Epi:   163 Steps:   32600 Episode Steps:   200 Return: -223.5812 FPS: 181.19
17:56:18.297 [INFO] (trainer.py:122) Total Epi:   164 Steps:   32800 Episode Steps:   200 Return: -127.7057 FPS: 184.75
17:56:19.490 [INFO] (trainer.py:122) Total Epi:   165 Steps:   33000 Episode Steps:   200 Return: -246.3856 FPS: 167.78
17:56:20.654 [INFO] (trainer.py:122) Total Epi:   166 Steps:   33200 Episode Steps:   200 Return: -350.9156 FPS: 171.84
17:56:21.678 [INFO] (trainer.py:122) Total Epi:   167 Steps:   33400 Episode Steps:   200 Return: -130.9506 FPS: 204.40
17:56:22.660 [INFO] (trainer.py:122) Total Epi:   168 Steps:   33600 Episode Steps:   200 Return: -136.7551 FPS: 203.92
17:56:23.941 [INFO] (trainer.py:122) Total Epi:   169 Steps:   33800 Episode Steps:   200 Return: -115.5758 FPS: 156.23
17:56:25.109 [INFO] (trainer.py:122) Total Epi:   170 Steps:   34000 Episode Steps:   200 Return: -124.3570 FPS: 171.36
17:56:26.201 [INFO] (trainer.py:122) Total Epi:   171 Steps:   34200 Episode Steps:   200 Return: -127.5462 FPS: 183.49
17:56:27.348 [INFO] (trainer.py:122) Total Epi:   172 Steps:   34400 Episode Steps:   200 Return: -223.9140 FPS: 180.46
17:56:28.324 [INFO] (trainer.py:122) Total Epi:   173 Steps:   34600 Episode Steps:   200 Return: -123.0375 FPS: 205.25
17:56:29.336 [INFO] (trainer.py:122) Total Epi:   174 Steps:   34800 Episode Steps:   200 Return: -124.1743 FPS: 197.88
17:56:30.344 [INFO] (trainer.py:122) Total Epi:   175 Steps:   35000 Episode Steps:   200 Return: -118.6625 FPS: 198.45
17:56:31.469 [INFO] (trainer.py:122) Total Epi:   176 Steps:   35200 Episode Steps:   200 Return: -122.3922 FPS: 178.19
17:56:32.592 [INFO] (trainer.py:122) Total Epi:   177 Steps:   35400 Episode Steps:   200 Return: -297.2487 FPS: 178.17
17:56:33.591 [INFO] (trainer.py:122) Total Epi:   178 Steps:   35600 Episode Steps:   200 Return: -121.9091 FPS: 200.51
17:56:34.586 [INFO] (trainer.py:122) Total Epi:   179 Steps:   35800 Episode Steps:   200 Return: -121.2601 FPS: 201.13
17:56:35.594 [INFO] (trainer.py:122) Total Epi:   180 Steps:   36000 Episode Steps:   200 Return: -125.8248 FPS: 198.79
17:56:36.718 [INFO] (trainer.py:122) Total Epi:   181 Steps:   36200 Episode Steps:   200 Return: -119.5622 FPS: 178.06
17:56:37.766 [INFO] (trainer.py:122) Total Epi:   182 Steps:   36400 Episode Steps:   200 Return: -125.0534 FPS: 190.96
17:56:38.759 [INFO] (trainer.py:122) Total Epi:   183 Steps:   36600 Episode Steps:   200 Return: -347.5603 FPS: 201.58
17:56:39.746 [INFO] (trainer.py:122) Total Epi:   184 Steps:   36800 Episode Steps:   200 Return: -253.5039 FPS: 203.10
17:56:40.729 [INFO] (trainer.py:122) Total Epi:   185 Steps:   37000 Episode Steps:   200 Return: -125.2850 FPS: 203.61
17:56:41.773 [INFO] (trainer.py:122) Total Epi:   186 Steps:   37200 Episode Steps:   200 Return: -131.1645 FPS: 198.98
17:56:42.794 [INFO] (trainer.py:122) Total Epi:   187 Steps:   37400 Episode Steps:   200 Return: -228.5316 FPS: 195.93
17:56:43.843 [INFO] (trainer.py:122) Total Epi:   188 Steps:   37600 Episode Steps:   200 Return: -125.2020 FPS: 190.92
17:56:44.920 [INFO] (trainer.py:122) Total Epi:   189 Steps:   37800 Episode Steps:   200 Return: -121.4474 FPS: 185.91
17:56:45.967 [INFO] (trainer.py:122) Total Epi:   190 Steps:   38000 Episode Steps:   200 Return: -0.8179 FPS: 191.29
17:56:47.073 [INFO] (trainer.py:122) Total Epi:   191 Steps:   38200 Episode Steps:   200 Return: -226.8604 FPS: 186.50
17:56:48.074 [INFO] (trainer.py:122) Total Epi:   192 Steps:   38400 Episode Steps:   200 Return: -124.2590 FPS: 200.04
17:56:49.059 [INFO] (trainer.py:122) Total Epi:   193 Steps:   38600 Episode Steps:   200 Return: -118.5934 FPS: 203.18
17:56:50.060 [INFO] (trainer.py:122) Total Epi:   194 Steps:   38800 Episode Steps:   200 Return: -238.3949 FPS: 200.16
17:56:51.165 [INFO] (trainer.py:122) Total Epi:   195 Steps:   39000 Episode Steps:   200 Return: -115.8410 FPS: 188.70
17:56:52.161 [INFO] (trainer.py:122) Total Epi:   196 Steps:   39200 Episode Steps:   200 Return: -380.1049 FPS: 200.95
17:56:53.159 [INFO] (trainer.py:122) Total Epi:   197 Steps:   39400 Episode Steps:   200 Return: -124.4829 FPS: 200.72
17:56:54.146 [INFO] (trainer.py:122) Total Epi:   198 Steps:   39600 Episode Steps:   200 Return: -246.3278 FPS: 202.82
17:56:55.143 [INFO] (trainer.py:122) Total Epi:   199 Steps:   39800 Episode Steps:   200 Return: -322.5474 FPS: 200.75
17:56:56.196 [INFO] (trainer.py:122) Total Epi:   200 Steps:   40000 Episode Steps:   200 Return: -1.7025 FPS: 201.54
17:56:56.959 [INFO] (trainer.py:150) Evaluation Total Steps:   40000 Average Reward -96.7039 over  5 episodes
17:56:58.257 [INFO] (trainer.py:122) Total Epi:   201 Steps:   40200 Episode Steps:   200 Return: -126.8787 FPS: 97.13
17:56:59.251 [INFO] (trainer.py:122) Total Epi:   202 Steps:   40400 Episode Steps:   200 Return: -125.4023 FPS: 201.50
17:57:00.291 [INFO] (trainer.py:122) Total Epi:   203 Steps:   40600 Episode Steps:   200 Return: -129.7760 FPS: 199.06
17:57:01.343 [INFO] (trainer.py:122) Total Epi:   204 Steps:   40800 Episode Steps:   200 Return: -359.3363 FPS: 190.47
17:57:02.343 [INFO] (trainer.py:122) Total Epi:   205 Steps:   41000 Episode Steps:   200 Return: -125.0311 FPS: 200.09
17:57:03.327 [INFO] (trainer.py:122) Total Epi:   206 Steps:   41200 Episode Steps:   200 Return: -3.5399 FPS: 203.39
17:57:04.370 [INFO] (trainer.py:122) Total Epi:   207 Steps:   41400 Episode Steps:   200 Return: -233.7269 FPS: 197.84
17:57:05.378 [INFO] (trainer.py:122) Total Epi:   208 Steps:   41600 Episode Steps:   200 Return: -1.1056 FPS: 198.64
17:57:06.438 [INFO] (trainer.py:122) Total Epi:   209 Steps:   41800 Episode Steps:   200 Return: -125.7268 FPS: 188.82
17:57:07.427 [INFO] (trainer.py:122) Total Epi:   210 Steps:   42000 Episode Steps:   200 Return: -235.9381 FPS: 202.38
17:57:08.478 [INFO] (trainer.py:122) Total Epi:   211 Steps:   42200 Episode Steps:   200 Return: -2.6235 FPS: 190.57
17:57:09.764 [INFO] (trainer.py:122) Total Epi:   212 Steps:   42400 Episode Steps:   200 Return: -253.6149 FPS: 189.45
17:57:10.776 [INFO] (trainer.py:122) Total Epi:   213 Steps:   42600 Episode Steps:   200 Return: -244.7924 FPS: 197.79
17:57:11.798 [INFO] (trainer.py:122) Total Epi:   214 Steps:   42800 Episode Steps:   200 Return: -116.0267 FPS: 196.07
17:57:12.810 [INFO] (trainer.py:122) Total Epi:   215 Steps:   43000 Episode Steps:   200 Return: -236.0983 FPS: 197.79
17:57:13.893 [INFO] (trainer.py:122) Total Epi:   216 Steps:   43200 Episode Steps:   200 Return: -124.4933 FPS: 184.76
17:57:14.890 [INFO] (trainer.py:122) Total Epi:   217 Steps:   43400 Episode Steps:   200 Return: -117.1823 FPS: 200.79
17:57:15.878 [INFO] (trainer.py:122) Total Epi:   218 Steps:   43600 Episode Steps:   200 Return: -0.8068 FPS: 202.78
17:57:16.925 [INFO] (trainer.py:122) Total Epi:   219 Steps:   43800 Episode Steps:   200 Return: -1501.1940 FPS: 191.20
17:57:17.976 [INFO] (trainer.py:122) Total Epi:   220 Steps:   44000 Episode Steps:   200 Return: -124.1288 FPS: 190.49
17:57:19.049 [INFO] (trainer.py:122) Total Epi:   221 Steps:   44200 Episode Steps:   200 Return: -262.5470 FPS: 186.53
17:57:20.064 [INFO] (trainer.py:122) Total Epi:   222 Steps:   44400 Episode Steps:   200 Return: -0.6428 FPS: 197.45
17:57:21.085 [INFO] (trainer.py:122) Total Epi:   223 Steps:   44600 Episode Steps:   200 Return: -230.8760 FPS: 195.92
17:57:22.094 [INFO] (trainer.py:122) Total Epi:   224 Steps:   44800 Episode Steps:   200 Return: -239.6492 FPS: 198.48
17:57:23.140 [INFO] (trainer.py:122) Total Epi:   225 Steps:   45000 Episode Steps:   200 Return: -126.4129 FPS: 191.24
17:57:24.198 [INFO] (trainer.py:122) Total Epi:   226 Steps:   45200 Episode Steps:   200 Return: -313.0644 FPS: 197.39
17:57:25.207 [INFO] (trainer.py:122) Total Epi:   227 Steps:   45400 Episode Steps:   200 Return: -1.5603 FPS: 198.65
17:57:26.217 [INFO] (trainer.py:122) Total Epi:   228 Steps:   45600 Episode Steps:   200 Return: -244.0309 FPS: 198.20
17:57:27.236 [INFO] (trainer.py:122) Total Epi:   229 Steps:   45800 Episode Steps:   200 Return: -128.6738 FPS: 196.40
17:57:28.336 [INFO] (trainer.py:122) Total Epi:   230 Steps:   46000 Episode Steps:   200 Return: -122.8096 FPS: 182.03
17:57:29.569 [INFO] (trainer.py:122) Total Epi:   231 Steps:   46200 Episode Steps:   200 Return: -122.9638 FPS: 171.05
17:57:30.929 [INFO] (trainer.py:122) Total Epi:   232 Steps:   46400 Episode Steps:   200 Return: -123.4590 FPS: 147.24
17:57:32.211 [INFO] (trainer.py:122) Total Epi:   233 Steps:   46600 Episode Steps:   200 Return: -121.7790 FPS: 156.05
17:57:33.201 [INFO] (trainer.py:122) Total Epi:   234 Steps:   46800 Episode Steps:   200 Return: -116.7055 FPS: 202.23
17:57:34.272 [INFO] (trainer.py:122) Total Epi:   235 Steps:   47000 Episode Steps:   200 Return: -124.8894 FPS: 198.50
17:57:35.308 [INFO] (trainer.py:122) Total Epi:   236 Steps:   47200 Episode Steps:   200 Return: -119.3021 FPS: 193.35
17:57:36.344 [INFO] (trainer.py:122) Total Epi:   237 Steps:   47400 Episode Steps:   200 Return: -122.1511 FPS: 193.22
17:57:37.388 [INFO] (trainer.py:122) Total Epi:   238 Steps:   47600 Episode Steps:   200 Return: -234.5016 FPS: 191.77
17:57:38.442 [INFO] (trainer.py:122) Total Epi:   239 Steps:   47800 Episode Steps:   200 Return: -227.2766 FPS: 189.99
17:57:39.537 [INFO] (trainer.py:122) Total Epi:   240 Steps:   48000 Episode Steps:   200 Return: -122.8965 FPS: 192.71
17:57:40.576 [INFO] (trainer.py:122) Total Epi:   241 Steps:   48200 Episode Steps:   200 Return: -125.0144 FPS: 192.78
17:57:41.669 [INFO] (trainer.py:122) Total Epi:   242 Steps:   48400 Episode Steps:   200 Return: -233.1645 FPS: 183.14
17:57:43.042 [INFO] (trainer.py:122) Total Epi:   243 Steps:   48600 Episode Steps:   200 Return: -4.1540 FPS: 145.95
17:57:44.198 [INFO] (trainer.py:122) Total Epi:   244 Steps:   48800 Episode Steps:   200 Return: -3.9614 FPS: 182.73
17:57:45.216 [INFO] (trainer.py:122) Total Epi:   245 Steps:   49000 Episode Steps:   200 Return: -1.1971 FPS: 196.50
17:57:46.214 [INFO] (trainer.py:122) Total Epi:   246 Steps:   49200 Episode Steps:   200 Return: -118.4914 FPS: 200.86
17:57:47.199 [INFO] (trainer.py:122) Total Epi:   247 Steps:   49400 Episode Steps:   200 Return: -124.6831 FPS: 203.09
17:57:48.191 [INFO] (trainer.py:122) Total Epi:   248 Steps:   49600 Episode Steps:   200 Return: -234.5682 FPS: 201.95
17:57:49.387 [INFO] (trainer.py:122) Total Epi:   249 Steps:   49800 Episode Steps:   200 Return: -120.4755 FPS: 176.34
17:57:50.551 [INFO] (trainer.py:122) Total Epi:   250 Steps:   50000 Episode Steps:   200 Return: -235.1740 FPS: 171.87
17:57:51.301 [INFO] (trainer.py:150) Evaluation Total Steps:   50000 Average Reward -172.0699 over  5 episodes
17:57:53.514 [INFO] (trainer.py:122) Total Epi:   251 Steps:   50200 Episode Steps:   200 Return: -0.9535 FPS: 67.54
17:57:54.785 [INFO] (trainer.py:122) Total Epi:   252 Steps:   50400 Episode Steps:   200 Return: -126.5338 FPS: 197.58
17:57:55.782 [INFO] (trainer.py:122) Total Epi:   253 Steps:   50600 Episode Steps:   200 Return: -123.4402 FPS: 200.80
17:57:56.790 [INFO] (trainer.py:122) Total Epi:   254 Steps:   50800 Episode Steps:   200 Return: -346.5093 FPS: 198.83
17:57:57.810 [INFO] (trainer.py:122) Total Epi:   255 Steps:   51000 Episode Steps:   200 Return: -123.3052 FPS: 196.19
17:57:59.722 [INFO] (trainer.py:122) Total Epi:   256 Steps:   51200 Episode Steps:   200 Return: -128.7669 FPS: 104.69
17:58:00.714 [INFO] (trainer.py:122) Total Epi:   257 Steps:   51400 Episode Steps:   200 Return: -125.0841 FPS: 201.86
17:58:01.704 [INFO] (trainer.py:122) Total Epi:   258 Steps:   51600 Episode Steps:   200 Return: -129.3026 FPS: 202.10
17:58:02.687 [INFO] (trainer.py:122) Total Epi:   259 Steps:   51800 Episode Steps:   200 Return: -123.0711 FPS: 203.90
17:58:03.684 [INFO] (trainer.py:122) Total Epi:   260 Steps:   52000 Episode Steps:   200 Return: -118.8924 FPS: 200.61
17:58:05.447 [INFO] (trainer.py:122) Total Epi:   261 Steps:   52200 Episode Steps:   200 Return: -119.8780 FPS: 113.59
17:58:06.454 [INFO] (trainer.py:122) Total Epi:   262 Steps:   52400 Episode Steps:   200 Return: -125.2933 FPS: 198.71
17:58:07.459 [INFO] (trainer.py:122) Total Epi:   263 Steps:   52600 Episode Steps:   200 Return: -119.5727 FPS: 199.10
17:58:08.582 [INFO] (trainer.py:122) Total Epi:   264 Steps:   52800 Episode Steps:   200 Return: -130.5770 FPS: 178.34
17:58:09.708 [INFO] (trainer.py:122) Total Epi:   265 Steps:   53000 Episode Steps:   200 Return: -3.0579 FPS: 178.47
17:58:10.754 [INFO] (trainer.py:122) Total Epi:   266 Steps:   53200 Episode Steps:   200 Return: -249.8974 FPS: 199.79
17:58:11.746 [INFO] (trainer.py:122) Total Epi:   267 Steps:   53400 Episode Steps:   200 Return: -368.1754 FPS: 201.65
17:58:12.796 [INFO] (trainer.py:122) Total Epi:   268 Steps:   53600 Episode Steps:   200 Return: -128.4124 FPS: 190.87
17:58:13.791 [INFO] (trainer.py:122) Total Epi:   269 Steps:   53800 Episode Steps:   200 Return: -359.3214 FPS: 201.11
17:58:14.807 [INFO] (trainer.py:122) Total Epi:   270 Steps:   54000 Episode Steps:   200 Return: -3.2109 FPS: 197.20
17:58:15.892 [INFO] (trainer.py:122) Total Epi:   271 Steps:   54200 Episode Steps:   200 Return: -121.1990 FPS: 199.12
17:58:16.893 [INFO] (trainer.py:122) Total Epi:   272 Steps:   54400 Episode Steps:   200 Return: -244.9240 FPS: 199.81
17:58:17.923 [INFO] (trainer.py:122) Total Epi:   273 Steps:   54600 Episode Steps:   200 Return: -130.7132 FPS: 194.47
17:58:18.961 [INFO] (trainer.py:122) Total Epi:   274 Steps:   54800 Episode Steps:   200 Return: -233.1268 FPS: 192.89
17:58:20.218 [INFO] (trainer.py:122) Total Epi:   275 Steps:   55000 Episode Steps:   200 Return: -240.1580 FPS: 195.69
17:58:21.200 [INFO] (trainer.py:122) Total Epi:   276 Steps:   55200 Episode Steps:   200 Return: -120.6375 FPS: 203.87
17:58:22.190 [INFO] (trainer.py:122) Total Epi:   277 Steps:   55400 Episode Steps:   200 Return: -121.9181 FPS: 202.22
17:58:23.189 [INFO] (trainer.py:122) Total Epi:   278 Steps:   55600 Episode Steps:   200 Return: -246.7581 FPS: 200.56
17:58:24.208 [INFO] (trainer.py:122) Total Epi:   279 Steps:   55800 Episode Steps:   200 Return: -242.6851 FPS: 196.41
17:58:25.520 [INFO] (trainer.py:122) Total Epi:   280 Steps:   56000 Episode Steps:   200 Return: -129.9979 FPS: 198.50
17:58:26.569 [INFO] (trainer.py:122) Total Epi:   281 Steps:   56200 Episode Steps:   200 Return: -126.1328 FPS: 190.82
17:58:27.670 [INFO] (trainer.py:122) Total Epi:   282 Steps:   56400 Episode Steps:   200 Return: -5.8204 FPS: 181.89
17:58:28.815 [INFO] (trainer.py:122) Total Epi:   283 Steps:   56600 Episode Steps:   200 Return: -364.9940 FPS: 174.86
17:58:30.067 [INFO] (trainer.py:122) Total Epi:   284 Steps:   56800 Episode Steps:   200 Return: -249.5099 FPS: 189.55
17:58:31.111 [INFO] (trainer.py:122) Total Epi:   285 Steps:   57000 Episode Steps:   200 Return: -128.5311 FPS: 191.92
17:58:32.204 [INFO] (trainer.py:122) Total Epi:   286 Steps:   57200 Episode Steps:   200 Return: -125.2138 FPS: 183.04
17:58:33.304 [INFO] (trainer.py:122) Total Epi:   287 Steps:   57400 Episode Steps:   200 Return: -128.1636 FPS: 181.93
17:58:34.436 [INFO] (trainer.py:122) Total Epi:   288 Steps:   57600 Episode Steps:   200 Return: -122.8769 FPS: 176.93
17:58:36.803 [INFO] (trainer.py:122) Total Epi:   289 Steps:   57800 Episode Steps:   200 Return: -227.4018 FPS: 194.60
17:58:38.024 [INFO] (trainer.py:122) Total Epi:   290 Steps:   58000 Episode Steps:   200 Return: -2.6185 FPS: 164.00
17:58:39.246 [INFO] (trainer.py:122) Total Epi:   291 Steps:   58200 Episode Steps:   200 Return: -124.4742 FPS: 163.84
17:58:40.228 [INFO] (trainer.py:122) Total Epi:   292 Steps:   58400 Episode Steps:   200 Return: -226.5719 FPS: 204.09
17:58:41.288 [INFO] (trainer.py:122) Total Epi:   293 Steps:   58600 Episode Steps:   200 Return: -4.1720 FPS: 195.76
17:58:42.295 [INFO] (trainer.py:122) Total Epi:   294 Steps:   58800 Episode Steps:   200 Return: -122.5317 FPS: 198.78
17:58:43.304 [INFO] (trainer.py:122) Total Epi:   295 Steps:   59000 Episode Steps:   200 Return: -129.0381 FPS: 198.32
17:58:44.408 [INFO] (trainer.py:122) Total Epi:   296 Steps:   59200 Episode Steps:   200 Return: -1.8948 FPS: 181.53
17:58:45.452 [INFO] (trainer.py:122) Total Epi:   297 Steps:   59400 Episode Steps:   200 Return: -131.3308 FPS: 191.81
17:58:46.533 [INFO] (trainer.py:122) Total Epi:   298 Steps:   59600 Episode Steps:   200 Return: -250.9544 FPS: 193.62
17:58:47.708 [INFO] (trainer.py:122) Total Epi:   299 Steps:   59800 Episode Steps:   200 Return: -125.4714 FPS: 170.31
17:58:48.865 [INFO] (trainer.py:122) Total Epi:   300 Steps:   60000 Episode Steps:   200 Return: -130.4921 FPS: 173.08
17:58:49.617 [INFO] (trainer.py:150) Evaluation Total Steps:   60000 Average Reward -99.9359 over  5 episodes
17:58:51.000 [INFO] (trainer.py:122) Total Epi:   301 Steps:   60200 Episode Steps:   200 Return: -364.8391 FPS: 93.72
17:58:51.998 [INFO] (trainer.py:122) Total Epi:   302 Steps:   60400 Episode Steps:   200 Return: -132.0512 FPS: 200.79
17:58:53.024 [INFO] (trainer.py:122) Total Epi:   303 Steps:   60600 Episode Steps:   200 Return: -120.9779 FPS: 195.01
17:58:54.018 [INFO] (trainer.py:122) Total Epi:   304 Steps:   60800 Episode Steps:   200 Return: -291.9927 FPS: 201.51
17:58:55.047 [INFO] (trainer.py:122) Total Epi:   305 Steps:   61000 Episode Steps:   200 Return: -130.5918 FPS: 194.65
17:58:56.534 [INFO] (trainer.py:122) Total Epi:   306 Steps:   61200 Episode Steps:   200 Return: -249.3670 FPS: 197.99
17:58:57.628 [INFO] (trainer.py:122) Total Epi:   307 Steps:   61400 Episode Steps:   200 Return: -125.7194 FPS: 182.99
17:58:58.649 [INFO] (trainer.py:122) Total Epi:   308 Steps:   61600 Episode Steps:   200 Return: -226.2308 FPS: 196.15
17:58:59.698 [INFO] (trainer.py:122) Total Epi:   309 Steps:   61800 Episode Steps:   200 Return: -123.4383 FPS: 190.86
17:59:00.869 [INFO] (trainer.py:122) Total Epi:   310 Steps:   62000 Episode Steps:   200 Return: -129.4830 FPS: 171.10
17:59:02.397 [INFO] (trainer.py:122) Total Epi:   311 Steps:   62200 Episode Steps:   200 Return: -238.9982 FPS: 183.89
17:59:03.430 [INFO] (trainer.py:122) Total Epi:   312 Steps:   62400 Episode Steps:   200 Return: -240.9571 FPS: 194.07
17:59:04.542 [INFO] (trainer.py:122) Total Epi:   313 Steps:   62600 Episode Steps:   200 Return: -316.5387 FPS: 179.94
17:59:05.660 [INFO] (trainer.py:122) Total Epi:   314 Steps:   62800 Episode Steps:   200 Return: -2.5744 FPS: 179.08
17:59:06.850 [INFO] (trainer.py:122) Total Epi:   315 Steps:   63000 Episode Steps:   200 Return: -121.1346 FPS: 176.26
17:59:07.896 [INFO] (trainer.py:122) Total Epi:   316 Steps:   63200 Episode Steps:   200 Return: -345.4133 FPS: 191.53
17:59:08.888 [INFO] (trainer.py:122) Total Epi:   317 Steps:   63400 Episode Steps:   200 Return: -129.5827 FPS: 201.78
17:59:09.870 [INFO] (trainer.py:122) Total Epi:   318 Steps:   63600 Episode Steps:   200 Return: -231.2118 FPS: 203.76
17:59:10.883 [INFO] (trainer.py:122) Total Epi:   319 Steps:   63800 Episode Steps:   200 Return: -119.0295 FPS: 197.77
17:59:11.964 [INFO] (trainer.py:122) Total Epi:   320 Steps:   64000 Episode Steps:   200 Return: -358.9603 FPS: 197.27
17:59:12.982 [INFO] (trainer.py:122) Total Epi:   321 Steps:   64200 Episode Steps:   200 Return: -4.2810 FPS: 196.50
17:59:13.999 [INFO] (trainer.py:122) Total Epi:   322 Steps:   64400 Episode Steps:   200 Return: -6.5643 FPS: 196.88
17:59:15.011 [INFO] (trainer.py:122) Total Epi:   323 Steps:   64600 Episode Steps:   200 Return: -127.6978 FPS: 197.97
17:59:16.110 [INFO] (trainer.py:122) Total Epi:   324 Steps:   64800 Episode Steps:   200 Return: -125.7150 FPS: 196.53
17:59:17.115 [INFO] (trainer.py:122) Total Epi:   325 Steps:   65000 Episode Steps:   200 Return: -128.1496 FPS: 199.36
17:59:18.132 [INFO] (trainer.py:122) Total Epi:   326 Steps:   65200 Episode Steps:   200 Return: -137.4084 FPS: 196.83
17:59:19.143 [INFO] (trainer.py:122) Total Epi:   327 Steps:   65400 Episode Steps:   200 Return: -254.3073 FPS: 197.97
17:59:20.159 [INFO] (trainer.py:122) Total Epi:   328 Steps:   65600 Episode Steps:   200 Return: -132.9476 FPS: 197.14
17:59:21.270 [INFO] (trainer.py:122) Total Epi:   329 Steps:   65800 Episode Steps:   200 Return: -131.7549 FPS: 183.11
17:59:22.284 [INFO] (trainer.py:122) Total Epi:   330 Steps:   66000 Episode Steps:   200 Return: -124.9969 FPS: 197.52
17:59:23.295 [INFO] (trainer.py:122) Total Epi:   331 Steps:   66200 Episode Steps:   200 Return: -131.5132 FPS: 197.95
17:59:24.307 [INFO] (trainer.py:122) Total Epi:   332 Steps:   66400 Episode Steps:   200 Return: -4.4119 FPS: 197.91
17:59:25.378 [INFO] (trainer.py:122) Total Epi:   333 Steps:   66600 Episode Steps:   200 Return: -128.6076 FPS: 191.59
17:59:26.388 [INFO] (trainer.py:122) Total Epi:   334 Steps:   66800 Episode Steps:   200 Return: -342.1261 FPS: 198.19
17:59:27.383 [INFO] (trainer.py:122) Total Epi:   335 Steps:   67000 Episode Steps:   200 Return: -133.4929 FPS: 201.31
17:59:28.375 [INFO] (trainer.py:122) Total Epi:   336 Steps:   67200 Episode Steps:   200 Return: -131.3073 FPS: 201.89
17:59:29.552 [INFO] (trainer.py:122) Total Epi:   337 Steps:   67400 Episode Steps:   200 Return: -10.1651 FPS: 170.00
17:59:30.624 [INFO] (trainer.py:122) Total Epi:   338 Steps:   67600 Episode Steps:   200 Return: -256.4082 FPS: 192.06
17:59:31.648 [INFO] (trainer.py:122) Total Epi:   339 Steps:   67800 Episode Steps:   200 Return: -8.5239 FPS: 195.59
17:59:32.674 [INFO] (trainer.py:122) Total Epi:   340 Steps:   68000 Episode Steps:   200 Return: -248.5495 FPS: 195.06
17:59:33.686 [INFO] (trainer.py:122) Total Epi:   341 Steps:   68200 Episode Steps:   200 Return: -125.6239 FPS: 197.74
17:59:34.730 [INFO] (trainer.py:122) Total Epi:   342 Steps:   68400 Episode Steps:   200 Return: -137.9618 FPS: 196.99
17:59:35.731 [INFO] (trainer.py:122) Total Epi:   343 Steps:   68600 Episode Steps:   200 Return: -129.8794 FPS: 199.78
17:59:36.844 [INFO] (trainer.py:122) Total Epi:   344 Steps:   68800 Episode Steps:   200 Return: -352.4987 FPS: 180.03
17:59:37.891 [INFO] (trainer.py:122) Total Epi:   345 Steps:   69000 Episode Steps:   200 Return: -132.9190 FPS: 191.16
17:59:38.920 [INFO] (trainer.py:122) Total Epi:   346 Steps:   69200 Episode Steps:   200 Return: -126.7941 FPS: 194.68
17:59:40.097 [INFO] (trainer.py:122) Total Epi:   347 Steps:   69400 Episode Steps:   200 Return: -339.7645 FPS: 176.55
17:59:41.107 [INFO] (trainer.py:122) Total Epi:   348 Steps:   69600 Episode Steps:   200 Return: -379.6757 FPS: 198.50
17:59:42.154 [INFO] (trainer.py:122) Total Epi:   349 Steps:   69800 Episode Steps:   200 Return: -246.0336 FPS: 191.09
17:59:43.217 [INFO] (trainer.py:122) Total Epi:   350 Steps:   70000 Episode Steps:   200 Return: -129.4154 FPS: 188.37
17:59:44.063 [INFO] (trainer.py:150) Evaluation Total Steps:   70000 Average Reward -151.8261 over  5 episodes
17:59:45.510 [INFO] (trainer.py:122) Total Epi:   351 Steps:   70200 Episode Steps:   200 Return: -120.3227 FPS: 87.27
17:59:46.476 [INFO] (trainer.py:122) Total Epi:   352 Steps:   70400 Episode Steps:   200 Return: -122.0839 FPS: 207.16
17:59:47.463 [INFO] (trainer.py:122) Total Epi:   353 Steps:   70600 Episode Steps:   200 Return: -1.3384 FPS: 202.90
17:59:48.476 [INFO] (trainer.py:122) Total Epi:   354 Steps:   70800 Episode Steps:   200 Return: -116.3650 FPS: 197.62
17:59:49.536 [INFO] (trainer.py:122) Total Epi:   355 Steps:   71000 Episode Steps:   200 Return: -375.0644 FPS: 194.66
17:59:50.619 [INFO] (trainer.py:122) Total Epi:   356 Steps:   71200 Episode Steps:   200 Return: -1464.9907 FPS: 184.82
17:59:51.713 [INFO] (trainer.py:122) Total Epi:   357 Steps:   71400 Episode Steps:   200 Return: -130.4242 FPS: 182.99
17:59:52.754 [INFO] (trainer.py:122) Total Epi:   358 Steps:   71600 Episode Steps:   200 Return: -232.1342 FPS: 192.61
17:59:53.845 [INFO] (trainer.py:122) Total Epi:   359 Steps:   71800 Episode Steps:   200 Return: -256.2203 FPS: 183.37
17:59:55.053 [INFO] (trainer.py:122) Total Epi:   360 Steps:   72000 Episode Steps:   200 Return: -220.6730 FPS: 202.37
17:59:56.158 [INFO] (trainer.py:122) Total Epi:   361 Steps:   72200 Episode Steps:   200 Return: -266.2594 FPS: 181.11
17:59:57.179 [INFO] (trainer.py:122) Total Epi:   362 Steps:   72400 Episode Steps:   200 Return: -123.4584 FPS: 196.06
17:59:58.190 [INFO] (trainer.py:122) Total Epi:   363 Steps:   72600 Episode Steps:   200 Return: -1.9518 FPS: 198.06
17:59:59.345 [INFO] (trainer.py:122) Total Epi:   364 Steps:   72800 Episode Steps:   200 Return: -119.7575 FPS: 178.13
18:00:00.341 [INFO] (trainer.py:122) Total Epi:   365 Steps:   73000 Episode Steps:   200 Return: -240.8124 FPS: 200.82
18:00:01.334 [INFO] (trainer.py:122) Total Epi:   366 Steps:   73200 Episode Steps:   200 Return: -121.8637 FPS: 201.90
18:00:02.324 [INFO] (trainer.py:122) Total Epi:   367 Steps:   73400 Episode Steps:   200 Return: -236.7647 FPS: 202.13
18:00:03.315 [INFO] (trainer.py:122) Total Epi:   368 Steps:   73600 Episode Steps:   200 Return: -127.4074 FPS: 202.15
18:00:04.481 [INFO] (trainer.py:122) Total Epi:   369 Steps:   73800 Episode Steps:   200 Return: -246.0235 FPS: 181.55
18:00:05.471 [INFO] (trainer.py:122) Total Epi:   370 Steps:   74000 Episode Steps:   200 Return: -115.9663 FPS: 202.31
18:00:06.464 [INFO] (trainer.py:122) Total Epi:   371 Steps:   74200 Episode Steps:   200 Return: -340.4692 FPS: 201.62
18:00:07.488 [INFO] (trainer.py:122) Total Epi:   372 Steps:   74400 Episode Steps:   200 Return: -1.2714 FPS: 195.33
18:00:08.595 [INFO] (trainer.py:122) Total Epi:   373 Steps:   74600 Episode Steps:   200 Return: -123.7090 FPS: 193.42
18:00:09.652 [INFO] (trainer.py:122) Total Epi:   374 Steps:   74800 Episode Steps:   200 Return: -117.3216 FPS: 189.34
18:00:10.691 [INFO] (trainer.py:122) Total Epi:   375 Steps:   75000 Episode Steps:   200 Return: -223.8926 FPS: 192.53
18:00:11.760 [INFO] (trainer.py:122) Total Epi:   376 Steps:   75200 Episode Steps:   200 Return: -116.1855 FPS: 187.57
18:00:12.767 [INFO] (trainer.py:122) Total Epi:   377 Steps:   75400 Episode Steps:   200 Return: -126.7652 FPS: 198.78
18:00:13.847 [INFO] (trainer.py:122) Total Epi:   378 Steps:   75600 Episode Steps:   200 Return: -3.3044 FPS: 199.52
18:00:14.849 [INFO] (trainer.py:122) Total Epi:   379 Steps:   75800 Episode Steps:   200 Return: -2.0594 FPS: 199.82
18:00:15.849 [INFO] (trainer.py:122) Total Epi:   380 Steps:   76000 Episode Steps:   200 Return: -4.4099 FPS: 200.18
18:00:16.856 [INFO] (trainer.py:122) Total Epi:   381 Steps:   76200 Episode Steps:   200 Return: -6.8673 FPS: 198.92
18:00:17.876 [INFO] (trainer.py:122) Total Epi:   382 Steps:   76400 Episode Steps:   200 Return: -6.3901 FPS: 201.18
18:00:18.950 [INFO] (trainer.py:122) Total Epi:   383 Steps:   76600 Episode Steps:   200 Return: -245.1557 FPS: 186.54
18:00:19.967 [INFO] (trainer.py:122) Total Epi:   384 Steps:   76800 Episode Steps:   200 Return: -6.4254 FPS: 196.74
18:00:20.977 [INFO] (trainer.py:122) Total Epi:   385 Steps:   77000 Episode Steps:   200 Return: -370.4099 FPS: 198.21
18:00:22.002 [INFO] (trainer.py:122) Total Epi:   386 Steps:   77200 Episode Steps:   200 Return: -241.0280 FPS: 195.42
18:00:23.070 [INFO] (trainer.py:122) Total Epi:   387 Steps:   77400 Episode Steps:   200 Return: -239.8977 FPS: 192.75
18:00:24.236 [INFO] (trainer.py:122) Total Epi:   388 Steps:   77600 Episode Steps:   200 Return: -130.6315 FPS: 171.71
18:00:25.323 [INFO] (trainer.py:122) Total Epi:   389 Steps:   77800 Episode Steps:   200 Return: -239.2068 FPS: 184.33
18:00:26.311 [INFO] (trainer.py:122) Total Epi:   390 Steps:   78000 Episode Steps:   200 Return: -130.0005 FPS: 202.47
18:00:27.419 [INFO] (trainer.py:122) Total Epi:   391 Steps:   78200 Episode Steps:   200 Return: -128.5208 FPS: 180.73
18:00:28.417 [INFO] (trainer.py:122) Total Epi:   392 Steps:   78400 Episode Steps:   200 Return: -115.1680 FPS: 200.64
18:00:29.429 [INFO] (trainer.py:122) Total Epi:   393 Steps:   78600 Episode Steps:   200 Return: -1.2119 FPS: 197.81
18:00:30.483 [INFO] (trainer.py:122) Total Epi:   394 Steps:   78800 Episode Steps:   200 Return: -114.9327 FPS: 190.02
18:00:31.504 [INFO] (trainer.py:122) Total Epi:   395 Steps:   79000 Episode Steps:   200 Return: -2.9658 FPS: 196.17
18:00:32.558 [INFO] (trainer.py:122) Total Epi:   396 Steps:   79200 Episode Steps:   200 Return: -304.9139 FPS: 190.00
18:00:33.576 [INFO] (trainer.py:122) Total Epi:   397 Steps:   79400 Episode Steps:   200 Return: -243.5081 FPS: 196.47
18:00:34.638 [INFO] (trainer.py:122) Total Epi:   398 Steps:   79600 Episode Steps:   200 Return: -2.4907 FPS: 188.63
18:00:35.668 [INFO] (trainer.py:122) Total Epi:   399 Steps:   79800 Episode Steps:   200 Return: -123.4608 FPS: 194.38
18:00:36.667 [INFO] (trainer.py:122) Total Epi:   400 Steps:   80000 Episode Steps:   200 Return: -374.0675 FPS: 200.32
18:00:37.472 [INFO] (trainer.py:150) Evaluation Total Steps:   80000 Average Reward -223.0656 over  5 episodes
18:00:38.780 [INFO] (trainer.py:122) Total Epi:   401 Steps:   80200 Episode Steps:   200 Return: -127.6833 FPS: 96.16
18:00:39.774 [INFO] (trainer.py:122) Total Epi:   402 Steps:   80400 Episode Steps:   200 Return: -116.7443 FPS: 201.32
18:00:40.760 [INFO] (trainer.py:122) Total Epi:   403 Steps:   80600 Episode Steps:   200 Return: -124.8987 FPS: 203.29
18:00:41.821 [INFO] (trainer.py:122) Total Epi:   404 Steps:   80800 Episode Steps:   200 Return: -120.9153 FPS: 193.83
18:00:42.865 [INFO] (trainer.py:122) Total Epi:   405 Steps:   81000 Episode Steps:   200 Return: -247.7916 FPS: 192.04
18:00:43.895 [INFO] (trainer.py:122) Total Epi:   406 Steps:   81200 Episode Steps:   200 Return: -124.3712 FPS: 194.34
18:00:44.945 [INFO] (trainer.py:122) Total Epi:   407 Steps:   81400 Episode Steps:   200 Return: -119.8047 FPS: 190.72
18:00:46.020 [INFO] (trainer.py:122) Total Epi:   408 Steps:   81600 Episode Steps:   200 Return: -1.1000 FPS: 186.14
18:00:47.254 [INFO] (trainer.py:122) Total Epi:   409 Steps:   81800 Episode Steps:   200 Return: -123.2494 FPS: 198.19
18:00:48.296 [INFO] (trainer.py:122) Total Epi:   410 Steps:   82000 Episode Steps:   200 Return: -122.7024 FPS: 192.12
18:00:49.313 [INFO] (trainer.py:122) Total Epi:   411 Steps:   82200 Episode Steps:   200 Return: -118.0411 FPS: 196.78
18:00:50.351 [INFO] (trainer.py:122) Total Epi:   412 Steps:   82400 Episode Steps:   200 Return: -120.5728 FPS: 193.11
18:00:51.430 [INFO] (trainer.py:122) Total Epi:   413 Steps:   82600 Episode Steps:   200 Return: -226.3375 FPS: 194.94
18:00:52.451 [INFO] (trainer.py:122) Total Epi:   414 Steps:   82800 Episode Steps:   200 Return: -218.6044 FPS: 196.08
18:00:53.468 [INFO] (trainer.py:122) Total Epi:   415 Steps:   83000 Episode Steps:   200 Return: -219.2655 FPS: 196.79
18:00:54.491 [INFO] (trainer.py:122) Total Epi:   416 Steps:   83200 Episode Steps:   200 Return: -241.0630 FPS: 195.88
18:00:55.521 [INFO] (trainer.py:122) Total Epi:   417 Steps:   83400 Episode Steps:   200 Return: -242.7840 FPS: 194.27
18:00:57.604 [INFO] (trainer.py:122) Total Epi:   418 Steps:   83600 Episode Steps:   200 Return: -121.3647 FPS: 202.99
18:00:58.614 [INFO] (trainer.py:122) Total Epi:   419 Steps:   83800 Episode Steps:   200 Return: -0.7198 FPS: 198.28
18:00:59.711 [INFO] (trainer.py:122) Total Epi:   420 Steps:   84000 Episode Steps:   200 Return: -127.1841 FPS: 182.65
18:01:00.778 [INFO] (trainer.py:122) Total Epi:   421 Steps:   84200 Episode Steps:   200 Return: -343.3687 FPS: 187.61
18:01:02.000 [INFO] (trainer.py:122) Total Epi:   422 Steps:   84400 Episode Steps:   200 Return: -119.4716 FPS: 169.03
18:01:03.076 [INFO] (trainer.py:122) Total Epi:   423 Steps:   84600 Episode Steps:   200 Return: -2.6398 FPS: 186.06
18:01:04.150 [INFO] (trainer.py:122) Total Epi:   424 Steps:   84800 Episode Steps:   200 Return: -126.2968 FPS: 186.41
18:01:05.144 [INFO] (trainer.py:122) Total Epi:   425 Steps:   85000 Episode Steps:   200 Return: -124.8775 FPS: 201.16
18:01:06.151 [INFO] (trainer.py:122) Total Epi:   426 Steps:   85200 Episode Steps:   200 Return: -117.9679 FPS: 198.97
18:01:07.370 [INFO] (trainer.py:122) Total Epi:   427 Steps:   85400 Episode Steps:   200 Return: -119.0079 FPS: 170.96
18:01:08.488 [INFO] (trainer.py:122) Total Epi:   428 Steps:   85600 Episode Steps:   200 Return: -0.7669 FPS: 179.09
18:01:09.516 [INFO] (trainer.py:122) Total Epi:   429 Steps:   85800 Episode Steps:   200 Return: -1.5648 FPS: 194.82
18:01:10.570 [INFO] (trainer.py:122) Total Epi:   430 Steps:   86000 Episode Steps:   200 Return: -123.2377 FPS: 189.99
18:01:11.594 [INFO] (trainer.py:122) Total Epi:   431 Steps:   86200 Episode Steps:   200 Return: -122.2722 FPS: 195.64
18:01:12.767 [INFO] (trainer.py:122) Total Epi:   432 Steps:   86400 Episode Steps:   200 Return: -129.0986 FPS: 170.60
18:01:13.772 [INFO] (trainer.py:122) Total Epi:   433 Steps:   86600 Episode Steps:   200 Return: -126.0111 FPS: 199.19
18:01:14.845 [INFO] (trainer.py:122) Total Epi:   434 Steps:   86800 Episode Steps:   200 Return: -130.8710 FPS: 186.46
18:01:15.876 [INFO] (trainer.py:122) Total Epi:   435 Steps:   87000 Episode Steps:   200 Return: -122.3133 FPS: 194.34
18:01:16.938 [INFO] (trainer.py:122) Total Epi:   436 Steps:   87200 Episode Steps:   200 Return: -113.7093 FPS: 188.56
18:01:17.959 [INFO] (trainer.py:122) Total Epi:   437 Steps:   87400 Episode Steps:   200 Return: -220.6439 FPS: 196.02
18:01:19.001 [INFO] (trainer.py:122) Total Epi:   438 Steps:   87600 Episode Steps:   200 Return: -128.3551 FPS: 192.23
18:01:20.052 [INFO] (trainer.py:122) Total Epi:   439 Steps:   87800 Episode Steps:   200 Return: -348.7817 FPS: 190.41
18:01:21.160 [INFO] (trainer.py:122) Total Epi:   440 Steps:   88000 Episode Steps:   200 Return: -129.4749 FPS: 180.74
18:01:22.713 [INFO] (trainer.py:122) Total Epi:   441 Steps:   88200 Episode Steps:   200 Return: -124.3394 FPS: 133.06
18:01:23.809 [INFO] (trainer.py:122) Total Epi:   442 Steps:   88400 Episode Steps:   200 Return: -130.5952 FPS: 182.60
18:01:24.832 [INFO] (trainer.py:122) Total Epi:   443 Steps:   88600 Episode Steps:   200 Return: -1.9509 FPS: 195.87
18:01:25.846 [INFO] (trainer.py:122) Total Epi:   444 Steps:   88800 Episode Steps:   200 Return: -133.8097 FPS: 197.28
18:01:26.860 [INFO] (trainer.py:122) Total Epi:   445 Steps:   89000 Episode Steps:   200 Return: -227.9047 FPS: 197.56
18:01:28.970 [INFO] (trainer.py:122) Total Epi:   446 Steps:   89200 Episode Steps:   200 Return: -235.0099 FPS: 193.97
18:01:29.989 [INFO] (trainer.py:122) Total Epi:   447 Steps:   89400 Episode Steps:   200 Return: -124.5750 FPS: 196.55
18:01:30.975 [INFO] (trainer.py:122) Total Epi:   448 Steps:   89600 Episode Steps:   200 Return: -237.5545 FPS: 202.95
18:01:31.962 [INFO] (trainer.py:122) Total Epi:   449 Steps:   89800 Episode Steps:   200 Return: -1.9818 FPS: 203.04
18:01:33.772 [INFO] (trainer.py:122) Total Epi:   450 Steps:   90000 Episode Steps:   200 Return: -129.1394 FPS: 196.24
